<?xml version="1.0" encoding="UTF-8"?>
<!-- Generated by org.testng.reporters.JUnitXMLReporter -->
<testsuite hostname="B2ML09726" ignored="0" name="Default test" tests="2" failures="0" timestamp="04 Feb 2018 07:30:06 GMT" time="18.601" errors="0">
  <testcase name="loginFunction on [TestExecution passed=0 failed=0 skipped=0]" time="5.475" classname="com.mindtree.execution.TestExecution"/>
  <testcase name="bookingTicket on [TestExecution passed=0 failed=0 skipped=0]" time="5.652" classname="com.mindtree.execution.TestExecution"/>
</testsuite> <!-- Default test -->
